<?xml version="1.0" encoding="UTF-8"?>
<testsuite xmlns:xsi="http://www.w3.org/2001/XMLSchema-instance" xsi:noNamespaceSchemaLocation="https://maven.apache.org/surefire/maven-surefire-plugin/xsd/surefire-test-report.xsd" name="com.foodforcharity.app.service.ApplicationTests" time="1.266" tests="1" errors="1" skipped="0" failures="0">
  <properties>
    <property name="java.specification.version" value="13"/>
    <property name="sun.cpu.isalist" value="amd64"/>
    <property name="sun.jnu.encoding" value="Cp1252"/>
    <property name="java.class.path" value="C:\Users\jerem\Documents\University\07 - Spring 2020\COE420 Software Engineering\foodforcharity\service\target\test-classes;C:\Users\jerem\Documents\University\07 - Spring 2020\COE420 Software Engineering\foodforcharity\service\target\classes;C:\Users\jerem\.m2\repository\com\foodforcharity\domain\0.1\domain-0.1.jar;C:\Users\jerem\.m2\repository\com\foodforcharity\common\0.1\common-0.1.jar;C:\Users\jerem\.m2\repository\org\springframework\boot\spring-boot-starter-data-jpa\2.2.5.RELEASE\spring-boot-starter-data-jpa-2.2.5.RELEASE.jar;C:\Users\jerem\.m2\repository\org\springframework\boot\spring-boot-starter-aop\2.2.5.RELEASE\spring-boot-starter-aop-2.2.5.RELEASE.jar;C:\Users\jerem\.m2\repository\org\aspectj\aspectjweaver\1.9.5\aspectjweaver-1.9.5.jar;C:\Users\jerem\.m2\repository\jakarta\activation\jakarta.activation-api\1.2.2\jakarta.activation-api-1.2.2.jar;C:\Users\jerem\.m2\repository\jakarta\persistence\jakarta.persistence-api\2.2.3\jakarta.persistence-api-2.2.3.jar;C:\Users\jerem\.m2\repository\jakarta\transaction\jakarta.transaction-api\1.3.3\jakarta.transaction-api-1.3.3.jar;C:\Users\jerem\.m2\repository\org\hibernate\hibernate-core\5.4.12.Final\hibernate-core-5.4.12.Final.jar;C:\Users\jerem\.m2\repository\org\jboss\logging\jboss-logging\3.4.1.Final\jboss-logging-3.4.1.Final.jar;C:\Users\jerem\.m2\repository\org\javassist\javassist\3.24.0-GA\javassist-3.24.0-GA.jar;C:\Users\jerem\.m2\repository\net\bytebuddy\byte-buddy\1.10.8\byte-buddy-1.10.8.jar;C:\Users\jerem\.m2\repository\antlr\antlr\2.7.7\antlr-2.7.7.jar;C:\Users\jerem\.m2\repository\org\jboss\jandex\2.1.1.Final\jandex-2.1.1.Final.jar;C:\Users\jerem\.m2\repository\com\fasterxml\classmate\1.5.1\classmate-1.5.1.jar;C:\Users\jerem\.m2\repository\org\dom4j\dom4j\2.1.1\dom4j-2.1.1.jar;C:\Users\jerem\.m2\repository\org\hibernate\common\hibernate-commons-annotations\5.1.0.Final\hibernate-commons-annotations-5.1.0.Final.jar;C:\Users\jerem\.m2\repository\org\glassfish\jaxb\jaxb-runtime\2.3.2\jaxb-runtime-2.3.2.jar;C:\Users\jerem\.m2\repository\org\glassfish\jaxb\txw2\2.3.2\txw2-2.3.2.jar;C:\Users\jerem\.m2\repository\com\sun\istack\istack-commons-runtime\3.0.8\istack-commons-runtime-3.0.8.jar;C:\Users\jerem\.m2\repository\org\jvnet\staxex\stax-ex\1.8.1\stax-ex-1.8.1.jar;C:\Users\jerem\.m2\repository\com\sun\xml\fastinfoset\FastInfoset\1.2.16\FastInfoset-1.2.16.jar;C:\Users\jerem\.m2\repository\org\springframework\data\spring-data-jpa\2.2.5.RELEASE\spring-data-jpa-2.2.5.RELEASE.jar;C:\Users\jerem\.m2\repository\org\springframework\data\spring-data-commons\2.2.5.RELEASE\spring-data-commons-2.2.5.RELEASE.jar;C:\Users\jerem\.m2\repository\org\springframework\spring-orm\5.2.4.RELEASE\spring-orm-5.2.4.RELEASE.jar;C:\Users\jerem\.m2\repository\org\springframework\spring-context\5.2.4.RELEASE\spring-context-5.2.4.RELEASE.jar;C:\Users\jerem\.m2\repository\org\springframework\spring-tx\5.2.4.RELEASE\spring-tx-5.2.4.RELEASE.jar;C:\Users\jerem\.m2\repository\org\springframework\spring-beans\5.2.4.RELEASE\spring-beans-5.2.4.RELEASE.jar;C:\Users\jerem\.m2\repository\org\slf4j\slf4j-api\1.7.30\slf4j-api-1.7.30.jar;C:\Users\jerem\.m2\repository\org\springframework\spring-aspects\5.2.4.RELEASE\spring-aspects-5.2.4.RELEASE.jar;C:\Users\jerem\.m2\repository\org\springframework\boot\spring-boot-starter-jdbc\2.2.5.RELEASE\spring-boot-starter-jdbc-2.2.5.RELEASE.jar;C:\Users\jerem\.m2\repository\org\springframework\boot\spring-boot-starter\2.2.5.RELEASE\spring-boot-starter-2.2.5.RELEASE.jar;C:\Users\jerem\.m2\repository\org\springframework\boot\spring-boot-starter-logging\2.2.5.RELEASE\spring-boot-starter-logging-2.2.5.RELEASE.jar;C:\Users\jerem\.m2\repository\ch\qos\logback\logback-classic\1.2.3\logback-classic-1.2.3.jar;C:\Users\jerem\.m2\repository\ch\qos\logback\logback-core\1.2.3\logback-core-1.2.3.jar;C:\Users\jerem\.m2\repository\org\apache\logging\log4j\log4j-to-slf4j\2.12.1\log4j-to-slf4j-2.12.1.jar;C:\Users\jerem\.m2\repository\org\apache\logging\log4j\log4j-api\2.12.1\log4j-api-2.12.1.jar;C:\Users\jerem\.m2\repository\org\slf4j\jul-to-slf4j\1.7.30\jul-to-slf4j-1.7.30.jar;C:\Users\jerem\.m2\repository\jakarta\annotation\jakarta.annotation-api\1.3.5\jakarta.annotation-api-1.3.5.jar;C:\Users\jerem\.m2\repository\org\yaml\snakeyaml\1.25\snakeyaml-1.25.jar;C:\Users\jerem\.m2\repository\com\zaxxer\HikariCP\3.4.2\HikariCP-3.4.2.jar;C:\Users\jerem\.m2\repository\org\springframework\spring-jdbc\5.2.4.RELEASE\spring-jdbc-5.2.4.RELEASE.jar;C:\Users\jerem\.m2\repository\com\oracle\ojdbc\ojdbc8\19.3.0.0\ojdbc8-19.3.0.0.jar;C:\Users\jerem\.m2\repository\com\oracle\ojdbc\ucp\19.3.0.0\ucp-19.3.0.0.jar;C:\Users\jerem\.m2\repository\com\oracle\ojdbc\oraclepki\19.3.0.0\oraclepki-19.3.0.0.jar;C:\Users\jerem\.m2\repository\com\oracle\ojdbc\osdt_cert\19.3.0.0\osdt_cert-19.3.0.0.jar;C:\Users\jerem\.m2\repository\com\oracle\ojdbc\osdt_core\19.3.0.0\osdt_core-19.3.0.0.jar;C:\Users\jerem\.m2\repository\com\oracle\ojdbc\simplefan\19.3.0.0\simplefan-19.3.0.0.jar;C:\Users\jerem\.m2\repository\com\oracle\ojdbc\ons\19.3.0.0\ons-19.3.0.0.jar;C:\Users\jerem\.m2\repository\org\springframework\boot\spring-boot-starter-security\2.2.5.RELEASE\spring-boot-starter-security-2.2.5.RELEASE.jar;C:\Users\jerem\.m2\repository\org\springframework\spring-aop\5.2.4.RELEASE\spring-aop-5.2.4.RELEASE.jar;C:\Users\jerem\.m2\repository\org\springframework\security\spring-security-config\5.2.2.RELEASE\spring-security-config-5.2.2.RELEASE.jar;C:\Users\jerem\.m2\repository\org\springframework\security\spring-security-core\5.2.2.RELEASE\spring-security-core-5.2.2.RELEASE.jar;C:\Users\jerem\.m2\repository\org\springframework\security\spring-security-web\5.2.2.RELEASE\spring-security-web-5.2.2.RELEASE.jar;C:\Users\jerem\.m2\repository\org\springframework\spring-expression\5.2.4.RELEASE\spring-expression-5.2.4.RELEASE.jar;C:\Users\jerem\.m2\repository\io\jsonwebtoken\jjwt\0.9.1\jjwt-0.9.1.jar;C:\Users\jerem\.m2\repository\com\fasterxml\jackson\core\jackson-databind\2.10.2\jackson-databind-2.10.2.jar;C:\Users\jerem\.m2\repository\com\fasterxml\jackson\core\jackson-annotations\2.10.2\jackson-annotations-2.10.2.jar;C:\Users\jerem\.m2\repository\com\fasterxml\jackson\core\jackson-core\2.10.2\jackson-core-2.10.2.jar;C:\Users\jerem\.m2\repository\org\springframework\boot\spring-boot-starter-actuator\2.2.5.RELEASE\spring-boot-starter-actuator-2.2.5.RELEASE.jar;C:\Users\jerem\.m2\repository\org\springframework\boot\spring-boot-actuator-autoconfigure\2.2.5.RELEASE\spring-boot-actuator-autoconfigure-2.2.5.RELEASE.jar;C:\Users\jerem\.m2\repository\org\springframework\boot\spring-boot-actuator\2.2.5.RELEASE\spring-boot-actuator-2.2.5.RELEASE.jar;C:\Users\jerem\.m2\repository\com\fasterxml\jackson\datatype\jackson-datatype-jsr310\2.10.2\jackson-datatype-jsr310-2.10.2.jar;C:\Users\jerem\.m2\repository\io\micrometer\micrometer-core\1.3.5\micrometer-core-1.3.5.jar;C:\Users\jerem\.m2\repository\org\hdrhistogram\HdrHistogram\2.1.11\HdrHistogram-2.1.11.jar;C:\Users\jerem\.m2\repository\org\latencyutils\LatencyUtils\2.0.3\LatencyUtils-2.0.3.jar;C:\Users\jerem\.m2\repository\org\springframework\boot\spring-boot-starter-web\2.2.5.RELEASE\spring-boot-starter-web-2.2.5.RELEASE.jar;C:\Users\jerem\.m2\repository\org\springframework\boot\spring-boot-starter-json\2.2.5.RELEASE\spring-boot-starter-json-2.2.5.RELEASE.jar;C:\Users\jerem\.m2\repository\com\fasterxml\jackson\datatype\jackson-datatype-jdk8\2.10.2\jackson-datatype-jdk8-2.10.2.jar;C:\Users\jerem\.m2\repository\com\fasterxml\jackson\module\jackson-module-parameter-names\2.10.2\jackson-module-parameter-names-2.10.2.jar;C:\Users\jerem\.m2\repository\org\springframework\boot\spring-boot-starter-tomcat\2.2.5.RELEASE\spring-boot-starter-tomcat-2.2.5.RELEASE.jar;C:\Users\jerem\.m2\repository\org\apache\tomcat\embed\tomcat-embed-core\9.0.31\tomcat-embed-core-9.0.31.jar;C:\Users\jerem\.m2\repository\org\apache\tomcat\embed\tomcat-embed-el\9.0.31\tomcat-embed-el-9.0.31.jar;C:\Users\jerem\.m2\repository\org\apache\tomcat\embed\tomcat-embed-websocket\9.0.31\tomcat-embed-websocket-9.0.31.jar;C:\Users\jerem\.m2\repository\org\springframework\boot\spring-boot-starter-validation\2.2.5.RELEASE\spring-boot-starter-validation-2.2.5.RELEASE.jar;C:\Users\jerem\.m2\repository\jakarta\validation\jakarta.validation-api\2.0.2\jakarta.validation-api-2.0.2.jar;C:\Users\jerem\.m2\repository\org\hibernate\validator\hibernate-validator\6.0.18.Final\hibernate-validator-6.0.18.Final.jar;C:\Users\jerem\.m2\repository\org\springframework\spring-web\5.2.4.RELEASE\spring-web-5.2.4.RELEASE.jar;C:\Users\jerem\.m2\repository\org\springframework\spring-webmvc\5.2.4.RELEASE\spring-webmvc-5.2.4.RELEASE.jar;C:\Users\jerem\.m2\repository\org\springframework\boot\spring-boot-devtools\2.2.5.RELEASE\spring-boot-devtools-2.2.5.RELEASE.jar;C:\Users\jerem\.m2\repository\org\springframework\boot\spring-boot\2.2.5.RELEASE\spring-boot-2.2.5.RELEASE.jar;C:\Users\jerem\.m2\repository\org\springframework\boot\spring-boot-autoconfigure\2.2.5.RELEASE\spring-boot-autoconfigure-2.2.5.RELEASE.jar;C:\Users\jerem\.m2\repository\org\springframework\boot\spring-boot-starter-test\2.2.5.RELEASE\spring-boot-starter-test-2.2.5.RELEASE.jar;C:\Users\jerem\.m2\repository\org\springframework\boot\spring-boot-test\2.2.5.RELEASE\spring-boot-test-2.2.5.RELEASE.jar;C:\Users\jerem\.m2\repository\org\springframework\boot\spring-boot-test-autoconfigure\2.2.5.RELEASE\spring-boot-test-autoconfigure-2.2.5.RELEASE.jar;C:\Users\jerem\.m2\repository\com\jayway\jsonpath\json-path\2.4.0\json-path-2.4.0.jar;C:\Users\jerem\.m2\repository\net\minidev\json-smart\2.3\json-smart-2.3.jar;C:\Users\jerem\.m2\repository\net\minidev\accessors-smart\1.2\accessors-smart-1.2.jar;C:\Users\jerem\.m2\repository\org\ow2\asm\asm\5.0.4\asm-5.0.4.jar;C:\Users\jerem\.m2\repository\jakarta\xml\bind\jakarta.xml.bind-api\2.3.2\jakarta.xml.bind-api-2.3.2.jar;C:\Users\jerem\.m2\repository\org\junit\jupiter\junit-jupiter\5.5.2\junit-jupiter-5.5.2.jar;C:\Users\jerem\.m2\repository\org\junit\jupiter\junit-jupiter-api\5.5.2\junit-jupiter-api-5.5.2.jar;C:\Users\jerem\.m2\repository\org\opentest4j\opentest4j\1.2.0\opentest4j-1.2.0.jar;C:\Users\jerem\.m2\repository\org\junit\platform\junit-platform-commons\1.5.2\junit-platform-commons-1.5.2.jar;C:\Users\jerem\.m2\repository\org\junit\jupiter\junit-jupiter-params\5.5.2\junit-jupiter-params-5.5.2.jar;C:\Users\jerem\.m2\repository\org\junit\jupiter\junit-jupiter-engine\5.5.2\junit-jupiter-engine-5.5.2.jar;C:\Users\jerem\.m2\repository\org\junit\vintage\junit-vintage-engine\5.5.2\junit-vintage-engine-5.5.2.jar;C:\Users\jerem\.m2\repository\org\apiguardian\apiguardian-api\1.1.0\apiguardian-api-1.1.0.jar;C:\Users\jerem\.m2\repository\org\junit\platform\junit-platform-engine\1.5.2\junit-platform-engine-1.5.2.jar;C:\Users\jerem\.m2\repository\junit\junit\4.12\junit-4.12.jar;C:\Users\jerem\.m2\repository\org\mockito\mockito-junit-jupiter\3.1.0\mockito-junit-jupiter-3.1.0.jar;C:\Users\jerem\.m2\repository\org\assertj\assertj-core\3.13.2\assertj-core-3.13.2.jar;C:\Users\jerem\.m2\repository\org\hamcrest\hamcrest\2.1\hamcrest-2.1.jar;C:\Users\jerem\.m2\repository\org\mockito\mockito-core\3.1.0\mockito-core-3.1.0.jar;C:\Users\jerem\.m2\repository\net\bytebuddy\byte-buddy-agent\1.10.8\byte-buddy-agent-1.10.8.jar;C:\Users\jerem\.m2\repository\org\objenesis\objenesis\2.6\objenesis-2.6.jar;C:\Users\jerem\.m2\repository\org\skyscreamer\jsonassert\1.5.0\jsonassert-1.5.0.jar;C:\Users\jerem\.m2\repository\com\vaadin\external\google\android-json\0.0.20131108.vaadin1\android-json-0.0.20131108.vaadin1.jar;C:\Users\jerem\.m2\repository\org\springframework\spring-core\5.2.4.RELEASE\spring-core-5.2.4.RELEASE.jar;C:\Users\jerem\.m2\repository\org\springframework\spring-jcl\5.2.4.RELEASE\spring-jcl-5.2.4.RELEASE.jar;C:\Users\jerem\.m2\repository\org\springframework\spring-test\5.2.4.RELEASE\spring-test-5.2.4.RELEASE.jar;C:\Users\jerem\.m2\repository\org\xmlunit\xmlunit-core\2.6.3\xmlunit-core-2.6.3.jar;"/>
    <property name="java.vm.vendor" value="Oracle Corporation"/>
    <property name="sun.arch.data.model" value="64"/>
    <property name="user.variant" value=""/>
    <property name="java.vendor.url" value="https://java.oracle.com/"/>
    <property name="user.timezone" value="Asia/Dubai"/>
    <property name="os.name" value="Windows 10"/>
    <property name="java.vm.specification.version" value="13"/>
    <property name="sun.java.launcher" value="SUN_STANDARD"/>
    <property name="user.country" value="US"/>
    <property name="sun.boot.library.path" value="C:\Program Files\Java\jdk-13.0.2\bin"/>
    <property name="sun.java.command" value="C:\Users\jerem\AppData\Local\Temp\surefire12185548957374539968\surefirebooter2877338274783831512.jar C:\Users\jerem\AppData\Local\Temp\surefire12185548957374539968 2020-03-17T21-10-22_911-jvmRun1 surefire11930152653585978681tmp surefire_013846816891903319664tmp"/>
    <property name="jdk.debug" value="release"/>
    <property name="surefire.test.class.path" value="C:\Users\jerem\Documents\University\07 - Spring 2020\COE420 Software Engineering\foodforcharity\service\target\test-classes;C:\Users\jerem\Documents\University\07 - Spring 2020\COE420 Software Engineering\foodforcharity\service\target\classes;C:\Users\jerem\.m2\repository\com\foodforcharity\domain\0.1\domain-0.1.jar;C:\Users\jerem\.m2\repository\com\foodforcharity\common\0.1\common-0.1.jar;C:\Users\jerem\.m2\repository\org\springframework\boot\spring-boot-starter-data-jpa\2.2.5.RELEASE\spring-boot-starter-data-jpa-2.2.5.RELEASE.jar;C:\Users\jerem\.m2\repository\org\springframework\boot\spring-boot-starter-aop\2.2.5.RELEASE\spring-boot-starter-aop-2.2.5.RELEASE.jar;C:\Users\jerem\.m2\repository\org\aspectj\aspectjweaver\1.9.5\aspectjweaver-1.9.5.jar;C:\Users\jerem\.m2\repository\jakarta\activation\jakarta.activation-api\1.2.2\jakarta.activation-api-1.2.2.jar;C:\Users\jerem\.m2\repository\jakarta\persistence\jakarta.persistence-api\2.2.3\jakarta.persistence-api-2.2.3.jar;C:\Users\jerem\.m2\repository\jakarta\transaction\jakarta.transaction-api\1.3.3\jakarta.transaction-api-1.3.3.jar;C:\Users\jerem\.m2\repository\org\hibernate\hibernate-core\5.4.12.Final\hibernate-core-5.4.12.Final.jar;C:\Users\jerem\.m2\repository\org\jboss\logging\jboss-logging\3.4.1.Final\jboss-logging-3.4.1.Final.jar;C:\Users\jerem\.m2\repository\org\javassist\javassist\3.24.0-GA\javassist-3.24.0-GA.jar;C:\Users\jerem\.m2\repository\net\bytebuddy\byte-buddy\1.10.8\byte-buddy-1.10.8.jar;C:\Users\jerem\.m2\repository\antlr\antlr\2.7.7\antlr-2.7.7.jar;C:\Users\jerem\.m2\repository\org\jboss\jandex\2.1.1.Final\jandex-2.1.1.Final.jar;C:\Users\jerem\.m2\repository\com\fasterxml\classmate\1.5.1\classmate-1.5.1.jar;C:\Users\jerem\.m2\repository\org\dom4j\dom4j\2.1.1\dom4j-2.1.1.jar;C:\Users\jerem\.m2\repository\org\hibernate\common\hibernate-commons-annotations\5.1.0.Final\hibernate-commons-annotations-5.1.0.Final.jar;C:\Users\jerem\.m2\repository\org\glassfish\jaxb\jaxb-runtime\2.3.2\jaxb-runtime-2.3.2.jar;C:\Users\jerem\.m2\repository\org\glassfish\jaxb\txw2\2.3.2\txw2-2.3.2.jar;C:\Users\jerem\.m2\repository\com\sun\istack\istack-commons-runtime\3.0.8\istack-commons-runtime-3.0.8.jar;C:\Users\jerem\.m2\repository\org\jvnet\staxex\stax-ex\1.8.1\stax-ex-1.8.1.jar;C:\Users\jerem\.m2\repository\com\sun\xml\fastinfoset\FastInfoset\1.2.16\FastInfoset-1.2.16.jar;C:\Users\jerem\.m2\repository\org\springframework\data\spring-data-jpa\2.2.5.RELEASE\spring-data-jpa-2.2.5.RELEASE.jar;C:\Users\jerem\.m2\repository\org\springframework\data\spring-data-commons\2.2.5.RELEASE\spring-data-commons-2.2.5.RELEASE.jar;C:\Users\jerem\.m2\repository\org\springframework\spring-orm\5.2.4.RELEASE\spring-orm-5.2.4.RELEASE.jar;C:\Users\jerem\.m2\repository\org\springframework\spring-context\5.2.4.RELEASE\spring-context-5.2.4.RELEASE.jar;C:\Users\jerem\.m2\repository\org\springframework\spring-tx\5.2.4.RELEASE\spring-tx-5.2.4.RELEASE.jar;C:\Users\jerem\.m2\repository\org\springframework\spring-beans\5.2.4.RELEASE\spring-beans-5.2.4.RELEASE.jar;C:\Users\jerem\.m2\repository\org\slf4j\slf4j-api\1.7.30\slf4j-api-1.7.30.jar;C:\Users\jerem\.m2\repository\org\springframework\spring-aspects\5.2.4.RELEASE\spring-aspects-5.2.4.RELEASE.jar;C:\Users\jerem\.m2\repository\org\springframework\boot\spring-boot-starter-jdbc\2.2.5.RELEASE\spring-boot-starter-jdbc-2.2.5.RELEASE.jar;C:\Users\jerem\.m2\repository\org\springframework\boot\spring-boot-starter\2.2.5.RELEASE\spring-boot-starter-2.2.5.RELEASE.jar;C:\Users\jerem\.m2\repository\org\springframework\boot\spring-boot-starter-logging\2.2.5.RELEASE\spring-boot-starter-logging-2.2.5.RELEASE.jar;C:\Users\jerem\.m2\repository\ch\qos\logback\logback-classic\1.2.3\logback-classic-1.2.3.jar;C:\Users\jerem\.m2\repository\ch\qos\logback\logback-core\1.2.3\logback-core-1.2.3.jar;C:\Users\jerem\.m2\repository\org\apache\logging\log4j\log4j-to-slf4j\2.12.1\log4j-to-slf4j-2.12.1.jar;C:\Users\jerem\.m2\repository\org\apache\logging\log4j\log4j-api\2.12.1\log4j-api-2.12.1.jar;C:\Users\jerem\.m2\repository\org\slf4j\jul-to-slf4j\1.7.30\jul-to-slf4j-1.7.30.jar;C:\Users\jerem\.m2\repository\jakarta\annotation\jakarta.annotation-api\1.3.5\jakarta.annotation-api-1.3.5.jar;C:\Users\jerem\.m2\repository\org\yaml\snakeyaml\1.25\snakeyaml-1.25.jar;C:\Users\jerem\.m2\repository\com\zaxxer\HikariCP\3.4.2\HikariCP-3.4.2.jar;C:\Users\jerem\.m2\repository\org\springframework\spring-jdbc\5.2.4.RELEASE\spring-jdbc-5.2.4.RELEASE.jar;C:\Users\jerem\.m2\repository\com\oracle\ojdbc\ojdbc8\19.3.0.0\ojdbc8-19.3.0.0.jar;C:\Users\jerem\.m2\repository\com\oracle\ojdbc\ucp\19.3.0.0\ucp-19.3.0.0.jar;C:\Users\jerem\.m2\repository\com\oracle\ojdbc\oraclepki\19.3.0.0\oraclepki-19.3.0.0.jar;C:\Users\jerem\.m2\repository\com\oracle\ojdbc\osdt_cert\19.3.0.0\osdt_cert-19.3.0.0.jar;C:\Users\jerem\.m2\repository\com\oracle\ojdbc\osdt_core\19.3.0.0\osdt_core-19.3.0.0.jar;C:\Users\jerem\.m2\repository\com\oracle\ojdbc\simplefan\19.3.0.0\simplefan-19.3.0.0.jar;C:\Users\jerem\.m2\repository\com\oracle\ojdbc\ons\19.3.0.0\ons-19.3.0.0.jar;C:\Users\jerem\.m2\repository\org\springframework\boot\spring-boot-starter-security\2.2.5.RELEASE\spring-boot-starter-security-2.2.5.RELEASE.jar;C:\Users\jerem\.m2\repository\org\springframework\spring-aop\5.2.4.RELEASE\spring-aop-5.2.4.RELEASE.jar;C:\Users\jerem\.m2\repository\org\springframework\security\spring-security-config\5.2.2.RELEASE\spring-security-config-5.2.2.RELEASE.jar;C:\Users\jerem\.m2\repository\org\springframework\security\spring-security-core\5.2.2.RELEASE\spring-security-core-5.2.2.RELEASE.jar;C:\Users\jerem\.m2\repository\org\springframework\security\spring-security-web\5.2.2.RELEASE\spring-security-web-5.2.2.RELEASE.jar;C:\Users\jerem\.m2\repository\org\springframework\spring-expression\5.2.4.RELEASE\spring-expression-5.2.4.RELEASE.jar;C:\Users\jerem\.m2\repository\io\jsonwebtoken\jjwt\0.9.1\jjwt-0.9.1.jar;C:\Users\jerem\.m2\repository\com\fasterxml\jackson\core\jackson-databind\2.10.2\jackson-databind-2.10.2.jar;C:\Users\jerem\.m2\repository\com\fasterxml\jackson\core\jackson-annotations\2.10.2\jackson-annotations-2.10.2.jar;C:\Users\jerem\.m2\repository\com\fasterxml\jackson\core\jackson-core\2.10.2\jackson-core-2.10.2.jar;C:\Users\jerem\.m2\repository\org\springframework\boot\spring-boot-starter-actuator\2.2.5.RELEASE\spring-boot-starter-actuator-2.2.5.RELEASE.jar;C:\Users\jerem\.m2\repository\org\springframework\boot\spring-boot-actuator-autoconfigure\2.2.5.RELEASE\spring-boot-actuator-autoconfigure-2.2.5.RELEASE.jar;C:\Users\jerem\.m2\repository\org\springframework\boot\spring-boot-actuator\2.2.5.RELEASE\spring-boot-actuator-2.2.5.RELEASE.jar;C:\Users\jerem\.m2\repository\com\fasterxml\jackson\datatype\jackson-datatype-jsr310\2.10.2\jackson-datatype-jsr310-2.10.2.jar;C:\Users\jerem\.m2\repository\io\micrometer\micrometer-core\1.3.5\micrometer-core-1.3.5.jar;C:\Users\jerem\.m2\repository\org\hdrhistogram\HdrHistogram\2.1.11\HdrHistogram-2.1.11.jar;C:\Users\jerem\.m2\repository\org\latencyutils\LatencyUtils\2.0.3\LatencyUtils-2.0.3.jar;C:\Users\jerem\.m2\repository\org\springframework\boot\spring-boot-starter-web\2.2.5.RELEASE\spring-boot-starter-web-2.2.5.RELEASE.jar;C:\Users\jerem\.m2\repository\org\springframework\boot\spring-boot-starter-json\2.2.5.RELEASE\spring-boot-starter-json-2.2.5.RELEASE.jar;C:\Users\jerem\.m2\repository\com\fasterxml\jackson\datatype\jackson-datatype-jdk8\2.10.2\jackson-datatype-jdk8-2.10.2.jar;C:\Users\jerem\.m2\repository\com\fasterxml\jackson\module\jackson-module-parameter-names\2.10.2\jackson-module-parameter-names-2.10.2.jar;C:\Users\jerem\.m2\repository\org\springframework\boot\spring-boot-starter-tomcat\2.2.5.RELEASE\spring-boot-starter-tomcat-2.2.5.RELEASE.jar;C:\Users\jerem\.m2\repository\org\apache\tomcat\embed\tomcat-embed-core\9.0.31\tomcat-embed-core-9.0.31.jar;C:\Users\jerem\.m2\repository\org\apache\tomcat\embed\tomcat-embed-el\9.0.31\tomcat-embed-el-9.0.31.jar;C:\Users\jerem\.m2\repository\org\apache\tomcat\embed\tomcat-embed-websocket\9.0.31\tomcat-embed-websocket-9.0.31.jar;C:\Users\jerem\.m2\repository\org\springframework\boot\spring-boot-starter-validation\2.2.5.RELEASE\spring-boot-starter-validation-2.2.5.RELEASE.jar;C:\Users\jerem\.m2\repository\jakarta\validation\jakarta.validation-api\2.0.2\jakarta.validation-api-2.0.2.jar;C:\Users\jerem\.m2\repository\org\hibernate\validator\hibernate-validator\6.0.18.Final\hibernate-validator-6.0.18.Final.jar;C:\Users\jerem\.m2\repository\org\springframework\spring-web\5.2.4.RELEASE\spring-web-5.2.4.RELEASE.jar;C:\Users\jerem\.m2\repository\org\springframework\spring-webmvc\5.2.4.RELEASE\spring-webmvc-5.2.4.RELEASE.jar;C:\Users\jerem\.m2\repository\org\springframework\boot\spring-boot-devtools\2.2.5.RELEASE\spring-boot-devtools-2.2.5.RELEASE.jar;C:\Users\jerem\.m2\repository\org\springframework\boot\spring-boot\2.2.5.RELEASE\spring-boot-2.2.5.RELEASE.jar;C:\Users\jerem\.m2\repository\org\springframework\boot\spring-boot-autoconfigure\2.2.5.RELEASE\spring-boot-autoconfigure-2.2.5.RELEASE.jar;C:\Users\jerem\.m2\repository\org\springframework\boot\spring-boot-starter-test\2.2.5.RELEASE\spring-boot-starter-test-2.2.5.RELEASE.jar;C:\Users\jerem\.m2\repository\org\springframework\boot\spring-boot-test\2.2.5.RELEASE\spring-boot-test-2.2.5.RELEASE.jar;C:\Users\jerem\.m2\repository\org\springframework\boot\spring-boot-test-autoconfigure\2.2.5.RELEASE\spring-boot-test-autoconfigure-2.2.5.RELEASE.jar;C:\Users\jerem\.m2\repository\com\jayway\jsonpath\json-path\2.4.0\json-path-2.4.0.jar;C:\Users\jerem\.m2\repository\net\minidev\json-smart\2.3\json-smart-2.3.jar;C:\Users\jerem\.m2\repository\net\minidev\accessors-smart\1.2\accessors-smart-1.2.jar;C:\Users\jerem\.m2\repository\org\ow2\asm\asm\5.0.4\asm-5.0.4.jar;C:\Users\jerem\.m2\repository\jakarta\xml\bind\jakarta.xml.bind-api\2.3.2\jakarta.xml.bind-api-2.3.2.jar;C:\Users\jerem\.m2\repository\org\junit\jupiter\junit-jupiter\5.5.2\junit-jupiter-5.5.2.jar;C:\Users\jerem\.m2\repository\org\junit\jupiter\junit-jupiter-api\5.5.2\junit-jupiter-api-5.5.2.jar;C:\Users\jerem\.m2\repository\org\opentest4j\opentest4j\1.2.0\opentest4j-1.2.0.jar;C:\Users\jerem\.m2\repository\org\junit\platform\junit-platform-commons\1.5.2\junit-platform-commons-1.5.2.jar;C:\Users\jerem\.m2\repository\org\junit\jupiter\junit-jupiter-params\5.5.2\junit-jupiter-params-5.5.2.jar;C:\Users\jerem\.m2\repository\org\junit\jupiter\junit-jupiter-engine\5.5.2\junit-jupiter-engine-5.5.2.jar;C:\Users\jerem\.m2\repository\org\junit\vintage\junit-vintage-engine\5.5.2\junit-vintage-engine-5.5.2.jar;C:\Users\jerem\.m2\repository\org\apiguardian\apiguardian-api\1.1.0\apiguardian-api-1.1.0.jar;C:\Users\jerem\.m2\repository\org\junit\platform\junit-platform-engine\1.5.2\junit-platform-engine-1.5.2.jar;C:\Users\jerem\.m2\repository\junit\junit\4.12\junit-4.12.jar;C:\Users\jerem\.m2\repository\org\mockito\mockito-junit-jupiter\3.1.0\mockito-junit-jupiter-3.1.0.jar;C:\Users\jerem\.m2\repository\org\assertj\assertj-core\3.13.2\assertj-core-3.13.2.jar;C:\Users\jerem\.m2\repository\org\hamcrest\hamcrest\2.1\hamcrest-2.1.jar;C:\Users\jerem\.m2\repository\org\mockito\mockito-core\3.1.0\mockito-core-3.1.0.jar;C:\Users\jerem\.m2\repository\net\bytebuddy\byte-buddy-agent\1.10.8\byte-buddy-agent-1.10.8.jar;C:\Users\jerem\.m2\repository\org\objenesis\objenesis\2.6\objenesis-2.6.jar;C:\Users\jerem\.m2\repository\org\skyscreamer\jsonassert\1.5.0\jsonassert-1.5.0.jar;C:\Users\jerem\.m2\repository\com\vaadin\external\google\android-json\0.0.20131108.vaadin1\android-json-0.0.20131108.vaadin1.jar;C:\Users\jerem\.m2\repository\org\springframework\spring-core\5.2.4.RELEASE\spring-core-5.2.4.RELEASE.jar;C:\Users\jerem\.m2\repository\org\springframework\spring-jcl\5.2.4.RELEASE\spring-jcl-5.2.4.RELEASE.jar;C:\Users\jerem\.m2\repository\org\springframework\spring-test\5.2.4.RELEASE\spring-test-5.2.4.RELEASE.jar;C:\Users\jerem\.m2\repository\org\xmlunit\xmlunit-core\2.6.3\xmlunit-core-2.6.3.jar;"/>
    <property name="sun.cpu.endian" value="little"/>
    <property name="user.home" value="C:\Users\jerem"/>
    <property name="user.language" value="en"/>
    <property name="java.specification.vendor" value="Oracle Corporation"/>
    <property name="java.version.date" value="2020-01-14"/>
    <property name="java.home" value="C:\Program Files\Java\jdk-13.0.2"/>
    <property name="file.separator" value="\"/>
    <property name="basedir" value="C:\Users\jerem\Documents\University\07 - Spring 2020\COE420 Software Engineering\foodforcharity\service"/>
    <property name="java.vm.compressedOopsMode" value="Zero based"/>
    <property name="line.separator" value="&#10;"/>
    <property name="java.vm.specification.vendor" value="Oracle Corporation"/>
    <property name="java.specification.name" value="Java Platform API Specification"/>
    <property name="surefire.real.class.path" value="C:\Users\jerem\AppData\Local\Temp\surefire12185548957374539968\surefirebooter2877338274783831512.jar"/>
    <property name="user.script" value=""/>
    <property name="sun.management.compiler" value="HotSpot 64-Bit Tiered Compilers"/>
    <property name="java.runtime.version" value="13.0.2+8"/>
    <property name="user.name" value="jerem"/>
    <property name="path.separator" value=";"/>
    <property name="os.version" value="10.0"/>
    <property name="java.runtime.name" value="Java(TM) SE Runtime Environment"/>
    <property name="file.encoding" value="Cp1252"/>
    <property name="java.vm.name" value="Java HotSpot(TM) 64-Bit Server VM"/>
    <property name="localRepository" value="C:\Users\jerem\.m2\repository"/>
    <property name="java.vendor.url.bug" value="https://bugreport.java.com/bugreport/"/>
    <property name="java.io.tmpdir" value="C:\Users\jerem\AppData\Local\Temp\"/>
    <property name="java.version" value="13.0.2"/>
    <property name="user.dir" value="C:\Users\jerem\Documents\University\07 - Spring 2020\COE420 Software Engineering\foodforcharity\service"/>
    <property name="os.arch" value="amd64"/>
    <property name="java.vm.specification.name" value="Java Virtual Machine Specification"/>
    <property name="sun.os.patch.level" value=""/>
    <property name="java.library.path" value="C:\Program Files\Java\jdk-13.0.2\bin;C:\Windows\Sun\Java\bin;C:\Windows\system32;C:\Windows;C:\Program Files (x86)\Common Files\Oracle\Java\javapath;C:\Windows\system32;C:\Windows;C:\Windows\System32\Wbem;C:\Windows\System32\WindowsPowerShell\v1.0\;C:\Windows\System32\OpenSSH\;C:\Program Files\MATLAB\R2018a\bin;C:\Program Files\dotnet\;C:\Users\jerem\AppData\Local\Microsoft\WindowsApps;C:\Users\jerem\AppData\Local\Programs\Microsoft VS Code\bin;C:\Program Files\Java\jdk-13.0.2\bin;C:\Program Files\apache-maven-3.6.3\bin;C:\Users\jerem\AppData\Local\Programs\Python\Python37-32;;."/>
    <property name="java.vm.info" value="mixed mode, sharing"/>
    <property name="java.vendor" value="Oracle Corporation"/>
    <property name="java.vm.version" value="13.0.2+8"/>
    <property name="sun.io.unicode.encoding" value="UnicodeLittle"/>
    <property name="java.class.version" value="57.0"/>
  </properties>
  <testcase name="contextLoads" classname="com.foodforcharity.app.service.ApplicationTests" time="0">
    <error message="Failed to load ApplicationContext" type="java.lang.IllegalStateException">java.lang.IllegalStateException: Failed to load ApplicationContext
Caused by: org.springframework.beans.factory.BeanCreationException: Error creating bean with name 'doneeRepository': Cannot create inner bean '(inner bean)#51e37590' of type [org.springframework.orm.jpa.SharedEntityManagerCreator] while setting bean property 'entityManager'; nested exception is org.springframework.beans.factory.BeanCreationException: Error creating bean with name '(inner bean)#51e37590': Cannot resolve reference to bean 'entityManagerFactory' while setting constructor argument; nested exception is org.springframework.beans.factory.NoSuchBeanDefinitionException: No bean named 'entityManagerFactory' available
Caused by: org.springframework.beans.factory.BeanCreationException: Error creating bean with name '(inner bean)#51e37590': Cannot resolve reference to bean 'entityManagerFactory' while setting constructor argument; nested exception is org.springframework.beans.factory.NoSuchBeanDefinitionException: No bean named 'entityManagerFactory' available
Caused by: org.springframework.beans.factory.NoSuchBeanDefinitionException: No bean named 'entityManagerFactory' available
</error>
    <system-out><![CDATA[21:10:23.984 [main] DEBUG org.springframework.test.context.junit4.SpringJUnit4ClassRunner - SpringJUnit4ClassRunner constructor called with [class com.foodforcharity.app.service.ApplicationTests]
21:10:23.992 [main] DEBUG org.springframework.test.context.BootstrapUtils - Instantiating CacheAwareContextLoaderDelegate from class [org.springframework.test.context.cache.DefaultCacheAwareContextLoaderDelegate]
21:10:24.004 [main] DEBUG org.springframework.test.context.BootstrapUtils - Instantiating BootstrapContext using constructor [public org.springframework.test.context.support.DefaultBootstrapContext(java.lang.Class,org.springframework.test.context.CacheAwareContextLoaderDelegate)]
21:10:24.079 [main] DEBUG org.springframework.test.context.BootstrapUtils - Instantiating TestContextBootstrapper for test class [com.foodforcharity.app.service.ApplicationTests] from class [org.springframework.boot.test.context.SpringBootTestContextBootstrapper]
21:10:24.123 [main] INFO org.springframework.boot.test.context.SpringBootTestContextBootstrapper - Neither @ContextConfiguration nor @ContextHierarchy found for test class [com.foodforcharity.app.service.ApplicationTests], using SpringBootContextLoader
21:10:24.127 [main] DEBUG org.springframework.test.context.support.AbstractContextLoader - Did not detect default resource location for test class [com.foodforcharity.app.service.ApplicationTests]: class path resource [com/foodforcharity/app/service/ApplicationTests-context.xml] does not exist
21:10:24.131 [main] DEBUG org.springframework.test.context.support.AbstractContextLoader - Did not detect default resource location for test class [com.foodforcharity.app.service.ApplicationTests]: class path resource [com/foodforcharity/app/service/ApplicationTestsContext.groovy] does not exist
21:10:24.131 [main] INFO org.springframework.test.context.support.AbstractContextLoader - Could not detect default resource locations for test class [com.foodforcharity.app.service.ApplicationTests]: no resource found for suffixes {-context.xml, Context.groovy}.
21:10:24.131 [main] INFO org.springframework.test.context.support.AnnotationConfigContextLoaderUtils - Could not detect default configuration classes for test class [com.foodforcharity.app.service.ApplicationTests]: ApplicationTests does not declare any static, non-private, non-final, nested classes annotated with @Configuration.
21:10:24.223 [main] DEBUG org.springframework.test.context.support.ActiveProfilesUtils - Could not find an 'annotation declaring class' for annotation type [org.springframework.test.context.ActiveProfiles] and class [com.foodforcharity.app.service.ApplicationTests]
21:10:24.299 [main] DEBUG org.springframework.context.annotation.ClassPathScanningCandidateComponentProvider - Identified candidate component class: file [C:\Users\jerem\Documents\University\07 - Spring 2020\COE420 Software Engineering\foodforcharity\service\target\test-classes\com\foodforcharity\app\service\ApplicationTests.class]
21:10:24.303 [main] INFO org.springframework.boot.test.context.SpringBootTestContextBootstrapper - Found @SpringBootConfiguration com.foodforcharity.app.service.ApplicationTests for test class com.foodforcharity.app.service.ApplicationTests
21:10:24.367 [main] DEBUG org.springframework.boot.test.context.SpringBootTestContextBootstrapper - @TestExecutionListeners is not present for class [com.foodforcharity.app.service.ApplicationTests]: using defaults.
21:10:24.367 [main] INFO org.springframework.boot.test.context.SpringBootTestContextBootstrapper - Loaded default TestExecutionListener class names from location [META-INF/spring.factories]: [org.springframework.boot.test.mock.mockito.MockitoTestExecutionListener, org.springframework.boot.test.mock.mockito.ResetMocksTestExecutionListener, org.springframework.boot.test.autoconfigure.restdocs.RestDocsTestExecutionListener, org.springframework.boot.test.autoconfigure.web.client.MockRestServiceServerResetTestExecutionListener, org.springframework.boot.test.autoconfigure.web.servlet.MockMvcPrintOnlyOnFailureTestExecutionListener, org.springframework.boot.test.autoconfigure.web.servlet.WebDriverTestExecutionListener, org.springframework.test.context.web.ServletTestExecutionListener, org.springframework.test.context.support.DirtiesContextBeforeModesTestExecutionListener, org.springframework.test.context.support.DependencyInjectionTestExecutionListener, org.springframework.test.context.support.DirtiesContextTestExecutionListener, org.springframework.test.context.transaction.TransactionalTestExecutionListener, org.springframework.test.context.jdbc.SqlScriptsTestExecutionListener, org.springframework.test.context.event.EventPublishingTestExecutionListener]
21:10:24.415 [main] INFO org.springframework.boot.test.context.SpringBootTestContextBootstrapper - Using TestExecutionListeners: [org.springframework.test.context.web.ServletTestExecutionListener@7f8a9499, org.springframework.test.context.support.DirtiesContextBeforeModesTestExecutionListener@5d43661b, org.springframework.boot.test.mock.mockito.MockitoTestExecutionListener@12299890, org.springframework.boot.test.autoconfigure.SpringBootDependencyInjectionTestExecutionListener@2fba3fc4, org.springframework.test.context.support.DirtiesContextTestExecutionListener@4bf48f6, org.springframework.test.context.transaction.TransactionalTestExecutionListener@420a85c4, org.springframework.test.context.jdbc.SqlScriptsTestExecutionListener@1c39680d, org.springframework.test.context.event.EventPublishingTestExecutionListener@62833051, org.springframework.boot.test.mock.mockito.ResetMocksTestExecutionListener@1c852c0f, org.springframework.boot.test.autoconfigure.restdocs.RestDocsTestExecutionListener@a37aefe, org.springframework.boot.test.autoconfigure.web.client.MockRestServiceServerResetTestExecutionListener@5d99c6b5, org.springframework.boot.test.autoconfigure.web.servlet.MockMvcPrintOnlyOnFailureTestExecutionListener@266374ef, org.springframework.boot.test.autoconfigure.web.servlet.WebDriverTestExecutionListener@13b3d178]
21:10:24.435 [main] DEBUG org.springframework.test.annotation.ProfileValueUtils - Retrieved @ProfileValueSourceConfiguration [null] for test class [com.foodforcharity.app.service.ApplicationTests]
21:10:24.435 [main] DEBUG org.springframework.test.annotation.ProfileValueUtils - Retrieved ProfileValueSource type [class org.springframework.test.annotation.SystemProfileValueSource] for class [com.foodforcharity.app.service.ApplicationTests]
21:10:24.495 [main] DEBUG org.springframework.test.context.junit4.SpringJUnit4ClassRunner - SpringJUnit4ClassRunner constructor called with [class com.foodforcharity.app.service.ApplicationTests]
21:10:24.495 [main] DEBUG org.springframework.test.context.BootstrapUtils - Instantiating CacheAwareContextLoaderDelegate from class [org.springframework.test.context.cache.DefaultCacheAwareContextLoaderDelegate]
21:10:24.495 [main] DEBUG org.springframework.test.context.BootstrapUtils - Instantiating BootstrapContext using constructor [public org.springframework.test.context.support.DefaultBootstrapContext(java.lang.Class,org.springframework.test.context.CacheAwareContextLoaderDelegate)]
21:10:24.495 [main] DEBUG org.springframework.test.context.BootstrapUtils - Instantiating TestContextBootstrapper for test class [com.foodforcharity.app.service.ApplicationTests] from class [org.springframework.boot.test.context.SpringBootTestContextBootstrapper]
21:10:24.495 [main] INFO org.springframework.boot.test.context.SpringBootTestContextBootstrapper - Neither @ContextConfiguration nor @ContextHierarchy found for test class [com.foodforcharity.app.service.ApplicationTests], using SpringBootContextLoader
21:10:24.499 [main] DEBUG org.springframework.test.context.support.AbstractContextLoader - Did not detect default resource location for test class [com.foodforcharity.app.service.ApplicationTests]: class path resource [com/foodforcharity/app/service/ApplicationTests-context.xml] does not exist
21:10:24.503 [main] DEBUG org.springframework.test.context.support.AbstractContextLoader - Did not detect default resource location for test class [com.foodforcharity.app.service.ApplicationTests]: class path resource [com/foodforcharity/app/service/ApplicationTestsContext.groovy] does not exist
21:10:24.503 [main] INFO org.springframework.test.context.support.AbstractContextLoader - Could not detect default resource locations for test class [com.foodforcharity.app.service.ApplicationTests]: no resource found for suffixes {-context.xml, Context.groovy}.
21:10:24.503 [main] INFO org.springframework.test.context.support.AnnotationConfigContextLoaderUtils - Could not detect default configuration classes for test class [com.foodforcharity.app.service.ApplicationTests]: ApplicationTests does not declare any static, non-private, non-final, nested classes annotated with @Configuration.
21:10:24.519 [main] DEBUG org.springframework.test.context.support.ActiveProfilesUtils - Could not find an 'annotation declaring class' for annotation type [org.springframework.test.context.ActiveProfiles] and class [com.foodforcharity.app.service.ApplicationTests]
21:10:24.519 [main] INFO org.springframework.boot.test.context.SpringBootTestContextBootstrapper - Found @SpringBootConfiguration com.foodforcharity.app.service.ApplicationTests for test class com.foodforcharity.app.service.ApplicationTests
21:10:24.523 [main] DEBUG org.springframework.boot.test.context.SpringBootTestContextBootstrapper - @TestExecutionListeners is not present for class [com.foodforcharity.app.service.ApplicationTests]: using defaults.
21:10:24.523 [main] INFO org.springframework.boot.test.context.SpringBootTestContextBootstrapper - Loaded default TestExecutionListener class names from location [META-INF/spring.factories]: [org.springframework.boot.test.mock.mockito.MockitoTestExecutionListener, org.springframework.boot.test.mock.mockito.ResetMocksTestExecutionListener, org.springframework.boot.test.autoconfigure.restdocs.RestDocsTestExecutionListener, org.springframework.boot.test.autoconfigure.web.client.MockRestServiceServerResetTestExecutionListener, org.springframework.boot.test.autoconfigure.web.servlet.MockMvcPrintOnlyOnFailureTestExecutionListener, org.springframework.boot.test.autoconfigure.web.servlet.WebDriverTestExecutionListener, org.springframework.test.context.web.ServletTestExecutionListener, org.springframework.test.context.support.DirtiesContextBeforeModesTestExecutionListener, org.springframework.test.context.support.DependencyInjectionTestExecutionListener, org.springframework.test.context.support.DirtiesContextTestExecutionListener, org.springframework.test.context.transaction.TransactionalTestExecutionListener, org.springframework.test.context.jdbc.SqlScriptsTestExecutionListener, org.springframework.test.context.event.EventPublishingTestExecutionListener]
21:10:24.527 [main] INFO org.springframework.boot.test.context.SpringBootTestContextBootstrapper - Using TestExecutionListeners: [org.springframework.test.context.web.ServletTestExecutionListener@f99f5e0, org.springframework.test.context.support.DirtiesContextBeforeModesTestExecutionListener@6aa61224, org.springframework.boot.test.mock.mockito.MockitoTestExecutionListener@30bce90b, org.springframework.boot.test.autoconfigure.SpringBootDependencyInjectionTestExecutionListener@3e6f3f28, org.springframework.test.context.support.DirtiesContextTestExecutionListener@7e19ebf0, org.springframework.test.context.transaction.TransactionalTestExecutionListener@2474f125, org.springframework.test.context.jdbc.SqlScriptsTestExecutionListener@7357a011, org.springframework.test.context.event.EventPublishingTestExecutionListener@3406472c, org.springframework.boot.test.mock.mockito.ResetMocksTestExecutionListener@5717c37, org.springframework.boot.test.autoconfigure.restdocs.RestDocsTestExecutionListener@68f4865, org.springframework.boot.test.autoconfigure.web.client.MockRestServiceServerResetTestExecutionListener@4816278d, org.springframework.boot.test.autoconfigure.web.servlet.MockMvcPrintOnlyOnFailureTestExecutionListener@4eaf3684, org.springframework.boot.test.autoconfigure.web.servlet.WebDriverTestExecutionListener@40317ba2]
21:10:24.527 [main] DEBUG org.springframework.test.annotation.ProfileValueUtils - Retrieved @ProfileValueSourceConfiguration [null] for test class [com.foodforcharity.app.service.ApplicationTests]
21:10:24.527 [main] DEBUG org.springframework.test.annotation.ProfileValueUtils - Retrieved ProfileValueSource type [class org.springframework.test.annotation.SystemProfileValueSource] for class [com.foodforcharity.app.service.ApplicationTests]
21:10:24.595 [main] DEBUG org.springframework.test.annotation.ProfileValueUtils - Retrieved @ProfileValueSourceConfiguration [null] for test class [com.foodforcharity.app.service.ApplicationTests]
21:10:24.595 [main] DEBUG org.springframework.test.annotation.ProfileValueUtils - Retrieved ProfileValueSource type [class org.springframework.test.annotation.SystemProfileValueSource] for class [com.foodforcharity.app.service.ApplicationTests]
21:10:24.611 [main] DEBUG org.springframework.test.annotation.ProfileValueUtils - Retrieved @ProfileValueSourceConfiguration [null] for test class [com.foodforcharity.app.service.ApplicationTests]
21:10:24.611 [main] DEBUG org.springframework.test.annotation.ProfileValueUtils - Retrieved ProfileValueSource type [class org.springframework.test.annotation.SystemProfileValueSource] for class [com.foodforcharity.app.service.ApplicationTests]
21:10:24.611 [main] DEBUG org.springframework.test.annotation.ProfileValueUtils - Retrieved @ProfileValueSourceConfiguration [null] for test class [com.foodforcharity.app.service.ApplicationTests]
21:10:24.615 [main] DEBUG org.springframework.test.annotation.ProfileValueUtils - Retrieved ProfileValueSource type [class org.springframework.test.annotation.SystemProfileValueSource] for class [com.foodforcharity.app.service.ApplicationTests]
21:10:24.639 [main] DEBUG org.springframework.test.context.support.AbstractDirtiesContextTestExecutionListener - Before test class: context [DefaultTestContext@4b40f651 testClass = ApplicationTests, testInstance = [null], testMethod = [null], testException = [null], mergedContextConfiguration = [WebMergedContextConfiguration@42b02722 testClass = ApplicationTests, locations = '{}', classes = '{class com.foodforcharity.app.service.ApplicationTests}', contextInitializerClasses = '[]', activeProfiles = '{}', propertySourceLocations = '{}', propertySourceProperties = '{org.springframework.boot.test.context.SpringBootTestContextBootstrapper=true}', contextCustomizers = set[[ImportsContextCustomizer@d62fe5b key = [@org.springframework.stereotype.Indexed(), @org.junit.runner.RunWith(value=org.springframework.test.context.junit4.SpringRunner.class), @org.springframework.boot.autoconfigure.domain.EntityScan(basePackages={"com.foodforcharity.app.domain"}, value={}, basePackageClasses={}), @org.apiguardian.api.API(consumers={"*"}, since="5.0", status=STABLE), @org.springframework.context.annotation.Import(value={org.springframework.data.jpa.repository.config.JpaRepositoriesRegistrar.class}), @org.springframework.boot.test.context.SpringBootTest(args={}, webEnvironment=MOCK, value={}, properties={}, classes={}), @org.springframework.context.annotation.Configuration(value="", proxyBeanMethods=true), @org.junit.jupiter.api.extension.ExtendWith(value={org.springframework.test.context.junit.jupiter.SpringExtension.class}), @org.springframework.test.context.BootstrapWith(value=org.springframework.boot.test.context.SpringBootTestContextBootstrapper.class), @org.springframework.data.jpa.repository.config.EnableJpaRepositories(excludeFilters={}, repositoryBaseClass=org.springframework.data.repository.config.DefaultRepositoryBaseClass.class, enableDefaultTransactions=true, basePackageClasses={}, escapeCharacter='\', includeFilters={}, bootstrapMode=DEFAULT, repositoryFactoryBeanClass=org.springframework.data.jpa.repository.support.JpaRepositoryFactoryBean.class, queryLookupStrategy=CREATE_IF_NOT_FOUND, entityManagerFactoryRef="entityManagerFactory", namedQueriesLocation="", transactionManagerRef="transactionManager", basePackages={"com.foodforcharity.app.service"}, repositoryImplementationPostfix="Impl", considerNestedRepositories=false, value={}), @org.springframework.stereotype.Component(value=""), @org.springframework.context.annotation.Import(value={org.springframework.boot.autoconfigure.domain.EntityScanPackages$Registrar.class}), @org.springframework.boot.SpringBootConfiguration(proxyBeanMethods=true)]], org.springframework.boot.test.context.filter.ExcludeFilterContextCustomizer@236e3f4e, org.springframework.boot.test.json.DuplicateJsonObjectContextCustomizerFactory$DuplicateJsonObjectContextCustomizer@dd0c991, org.springframework.boot.test.mock.mockito.MockitoContextCustomizer@0, org.springframework.boot.test.web.client.TestRestTemplateContextCustomizer@152aa092, org.springframework.boot.test.autoconfigure.properties.PropertyMappingContextCustomizer@0, org.springframework.boot.test.autoconfigure.web.servlet.WebDriverContextCustomizerFactory$Customizer@7690781], resourceBasePath = 'src/main/webapp', contextLoader = 'org.springframework.boot.test.context.SpringBootContextLoader', parent = [null]], attributes = map['org.springframework.test.context.web.ServletTestExecutionListener.activateListener' -> true]], class annotated with @DirtiesContext [false] with mode [null].
21:10:24.647 [main] DEBUG org.springframework.test.annotation.ProfileValueUtils - Retrieved @ProfileValueSourceConfiguration [null] for test class [com.foodforcharity.app.service.ApplicationTests]
21:10:24.647 [main] DEBUG org.springframework.test.annotation.ProfileValueUtils - Retrieved ProfileValueSource type [class org.springframework.test.annotation.SystemProfileValueSource] for class [com.foodforcharity.app.service.ApplicationTests]
21:10:24.707 [main] DEBUG org.springframework.test.context.support.TestPropertySourceUtils - Adding inlined properties to environment: {spring.jmx.enabled=false, org.springframework.boot.test.context.SpringBootTestContextBootstrapper=true, server.port=-1}

  .   ____          _            __ _ _
 /\\ / ___'_ __ _ _(_)_ __  __ _ \ \ \ \
( ( )\___ | '_ | '_| | '_ \/ _` | \ \ \ \
 \\/  ___)| |_)| | | | | || (_| |  ) ) ) )
  '  |____| .__|_| |_|_| |_\__, | / / / /
 =========|_|==============|___/=/_/_/_/
 :: Spring Boot ::        (v2.2.5.RELEASE)

2020-03-17 21:10:25.257  INFO 14020 --- [           main] c.f.app.service.ApplicationTests         : Starting ApplicationTests on JeremyDsilva with PID 14020 (started by jerem in C:\Users\jerem\Documents\University\07 - Spring 2020\COE420 Software Engineering\foodforcharity\service)
2020-03-17 21:10:25.257  INFO 14020 --- [           main] c.f.app.service.ApplicationTests         : No active profile set, falling back to default profiles: default
2020-03-17 21:10:25.475  INFO 14020 --- [           main] .s.d.r.c.RepositoryConfigurationDelegate : Bootstrapping Spring Data JPA repositories in DEFAULT mode.
2020-03-17 21:10:25.719  INFO 14020 --- [           main] .s.d.r.c.RepositoryConfigurationDelegate : Finished Spring Data repository scanning in 215ms. Found 7 JPA repository interfaces.
2020-03-17 21:10:25.984  WARN 14020 --- [           main] o.s.w.c.s.GenericWebApplicationContext   : Exception encountered during context initialization - cancelling refresh attempt: org.springframework.beans.factory.BeanCreationException: Error creating bean with name 'doneeRepository': Cannot create inner bean '(inner bean)#51e37590' of type [org.springframework.orm.jpa.SharedEntityManagerCreator] while setting bean property 'entityManager'; nested exception is org.springframework.beans.factory.BeanCreationException: Error creating bean with name '(inner bean)#51e37590': Cannot resolve reference to bean 'entityManagerFactory' while setting constructor argument; nested exception is org.springframework.beans.factory.NoSuchBeanDefinitionException: No bean named 'entityManagerFactory' available
2020-03-17 21:10:25.996 ERROR 14020 --- [           main] o.s.b.d.LoggingFailureAnalysisReporter   : 

***************************
APPLICATION FAILED TO START
***************************

Description:

A component required a bean named 'entityManagerFactory' that could not be found.


Action:

Consider defining a bean named 'entityManagerFactory' in your configuration.

2020-03-17 21:10:26.008 ERROR 14020 --- [           main] o.s.test.context.TestContextManager      : Caught exception while allowing TestExecutionListener [org.springframework.test.context.web.ServletTestExecutionListener@f99f5e0] to prepare test instance [com.foodforcharity.app.service.ApplicationTests@5a5c128]

java.lang.IllegalStateException: Failed to load ApplicationContext
	at org.springframework.test.context.cache.DefaultCacheAwareContextLoaderDelegate.loadContext(DefaultCacheAwareContextLoaderDelegate.java:132) ~[spring-test-5.2.4.RELEASE.jar:5.2.4.RELEASE]
	at org.springframework.test.context.support.DefaultTestContext.getApplicationContext(DefaultTestContext.java:123) ~[spring-test-5.2.4.RELEASE.jar:5.2.4.RELEASE]
	at org.springframework.test.context.web.ServletTestExecutionListener.setUpRequestContextIfNecessary(ServletTestExecutionListener.java:190) ~[spring-test-5.2.4.RELEASE.jar:5.2.4.RELEASE]
	at org.springframework.test.context.web.ServletTestExecutionListener.prepareTestInstance(ServletTestExecutionListener.java:132) ~[spring-test-5.2.4.RELEASE.jar:5.2.4.RELEASE]
	at org.springframework.test.context.TestContextManager.prepareTestInstance(TestContextManager.java:244) ~[spring-test-5.2.4.RELEASE.jar:5.2.4.RELEASE]
	at org.springframework.test.context.junit4.SpringJUnit4ClassRunner.createTest(SpringJUnit4ClassRunner.java:227) ~[spring-test-5.2.4.RELEASE.jar:5.2.4.RELEASE]
	at org.springframework.test.context.junit4.SpringJUnit4ClassRunner$1.runReflectiveCall(SpringJUnit4ClassRunner.java:289) ~[spring-test-5.2.4.RELEASE.jar:5.2.4.RELEASE]
	at org.junit.internal.runners.model.ReflectiveCallable.run(ReflectiveCallable.java:12) ~[junit-4.12.jar:4.12]
	at org.springframework.test.context.junit4.SpringJUnit4ClassRunner.methodBlock(SpringJUnit4ClassRunner.java:291) ~[spring-test-5.2.4.RELEASE.jar:5.2.4.RELEASE]
	at org.springframework.test.context.junit4.SpringJUnit4ClassRunner.runChild(SpringJUnit4ClassRunner.java:246) ~[spring-test-5.2.4.RELEASE.jar:5.2.4.RELEASE]
	at org.springframework.test.context.junit4.SpringJUnit4ClassRunner.runChild(SpringJUnit4ClassRunner.java:97) ~[spring-test-5.2.4.RELEASE.jar:5.2.4.RELEASE]
	at org.junit.runners.ParentRunner$3.run(ParentRunner.java:290) ~[junit-4.12.jar:4.12]
	at org.junit.runners.ParentRunner$1.schedule(ParentRunner.java:71) ~[junit-4.12.jar:4.12]
	at org.junit.runners.ParentRunner.runChildren(ParentRunner.java:288) ~[junit-4.12.jar:4.12]
	at org.junit.runners.ParentRunner.access$000(ParentRunner.java:58) ~[junit-4.12.jar:4.12]
	at org.junit.runners.ParentRunner$2.evaluate(ParentRunner.java:268) ~[junit-4.12.jar:4.12]
	at org.springframework.test.context.junit4.statements.RunBeforeTestClassCallbacks.evaluate(RunBeforeTestClassCallbacks.java:61) ~[spring-test-5.2.4.RELEASE.jar:5.2.4.RELEASE]
	at org.springframework.test.context.junit4.statements.RunAfterTestClassCallbacks.evaluate(RunAfterTestClassCallbacks.java:70) ~[spring-test-5.2.4.RELEASE.jar:5.2.4.RELEASE]
	at org.junit.runners.ParentRunner.run(ParentRunner.java:363) ~[junit-4.12.jar:4.12]
	at org.springframework.test.context.junit4.SpringJUnit4ClassRunner.run(SpringJUnit4ClassRunner.java:190) ~[spring-test-5.2.4.RELEASE.jar:5.2.4.RELEASE]
	at org.junit.runner.JUnitCore.run(JUnitCore.java:137) ~[junit-4.12.jar:4.12]
	at org.junit.runner.JUnitCore.run(JUnitCore.java:115) ~[junit-4.12.jar:4.12]
	at org.junit.vintage.engine.execution.RunnerExecutor.execute(RunnerExecutor.java:40) ~[junit-vintage-engine-5.5.2.jar:5.5.2]
	at java.base/java.util.stream.ForEachOps$ForEachOp$OfRef.accept(ForEachOps.java:183) ~[na:na]
	at java.base/java.util.stream.ReferencePipeline$3$1.accept(ReferencePipeline.java:195) ~[na:na]
	at java.base/java.util.Iterator.forEachRemaining(Iterator.java:133) ~[na:na]
	at java.base/java.util.Spliterators$IteratorSpliterator.forEachRemaining(Spliterators.java:1801) ~[na:na]
	at java.base/java.util.stream.AbstractPipeline.copyInto(AbstractPipeline.java:484) ~[na:na]
	at java.base/java.util.stream.AbstractPipeline.wrapAndCopyInto(AbstractPipeline.java:474) ~[na:na]
	at java.base/java.util.stream.ForEachOps$ForEachOp.evaluateSequential(ForEachOps.java:150) ~[na:na]
	at java.base/java.util.stream.ForEachOps$ForEachOp$OfRef.evaluateSequential(ForEachOps.java:173) ~[na:na]
	at java.base/java.util.stream.AbstractPipeline.evaluate(AbstractPipeline.java:234) ~[na:na]
	at java.base/java.util.stream.ReferencePipeline.forEach(ReferencePipeline.java:497) ~[na:na]
	at org.junit.vintage.engine.VintageTestEngine.executeAllChildren(VintageTestEngine.java:80) ~[junit-vintage-engine-5.5.2.jar:5.5.2]
	at org.junit.vintage.engine.VintageTestEngine.execute(VintageTestEngine.java:71) ~[junit-vintage-engine-5.5.2.jar:5.5.2]
	at org.junit.platform.launcher.core.DefaultLauncher.execute(DefaultLauncher.java:220) ~[junit-platform-launcher-1.3.1.jar:1.3.1]
	at org.junit.platform.launcher.core.DefaultLauncher.lambda$execute$6(DefaultLauncher.java:188) ~[junit-platform-launcher-1.3.1.jar:1.3.1]
	at org.junit.platform.launcher.core.DefaultLauncher.withInterceptedStreams(DefaultLauncher.java:202) ~[junit-platform-launcher-1.3.1.jar:1.3.1]
	at org.junit.platform.launcher.core.DefaultLauncher.execute(DefaultLauncher.java:181) ~[junit-platform-launcher-1.3.1.jar:1.3.1]
	at org.junit.platform.launcher.core.DefaultLauncher.execute(DefaultLauncher.java:128) ~[junit-platform-launcher-1.3.1.jar:1.3.1]
	at org.apache.maven.surefire.junitplatform.JUnitPlatformProvider.invokeAllTests(JUnitPlatformProvider.java:150) ~[surefire-junit-platform-2.22.2.jar:2.22.2]
	at org.apache.maven.surefire.junitplatform.JUnitPlatformProvider.invoke(JUnitPlatformProvider.java:124) ~[surefire-junit-platform-2.22.2.jar:2.22.2]
	at org.apache.maven.surefire.booter.ForkedBooter.invokeProviderInSameClassLoader(ForkedBooter.java:384) ~[surefire-booter-2.22.2.jar:2.22.2]
	at org.apache.maven.surefire.booter.ForkedBooter.runSuitesInProcess(ForkedBooter.java:345) ~[surefire-booter-2.22.2.jar:2.22.2]
	at org.apache.maven.surefire.booter.ForkedBooter.execute(ForkedBooter.java:126) ~[surefire-booter-2.22.2.jar:2.22.2]
	at org.apache.maven.surefire.booter.ForkedBooter.main(ForkedBooter.java:418) ~[surefire-booter-2.22.2.jar:2.22.2]
Caused by: org.springframework.beans.factory.BeanCreationException: Error creating bean with name 'doneeRepository': Cannot create inner bean '(inner bean)#51e37590' of type [org.springframework.orm.jpa.SharedEntityManagerCreator] while setting bean property 'entityManager'; nested exception is org.springframework.beans.factory.BeanCreationException: Error creating bean with name '(inner bean)#51e37590': Cannot resolve reference to bean 'entityManagerFactory' while setting constructor argument; nested exception is org.springframework.beans.factory.NoSuchBeanDefinitionException: No bean named 'entityManagerFactory' available
	at org.springframework.beans.factory.support.BeanDefinitionValueResolver.resolveInnerBean(BeanDefinitionValueResolver.java:389) ~[spring-beans-5.2.4.RELEASE.jar:5.2.4.RELEASE]
	at org.springframework.beans.factory.support.BeanDefinitionValueResolver.resolveValueIfNecessary(BeanDefinitionValueResolver.java:134) ~[spring-beans-5.2.4.RELEASE.jar:5.2.4.RELEASE]
	at org.springframework.beans.factory.support.AbstractAutowireCapableBeanFactory.applyPropertyValues(AbstractAutowireCapableBeanFactory.java:1699) ~[spring-beans-5.2.4.RELEASE.jar:5.2.4.RELEASE]
	at org.springframework.beans.factory.support.AbstractAutowireCapableBeanFactory.populateBean(AbstractAutowireCapableBeanFactory.java:1444) ~[spring-beans-5.2.4.RELEASE.jar:5.2.4.RELEASE]
	at org.springframework.beans.factory.support.AbstractAutowireCapableBeanFactory.doCreateBean(AbstractAutowireCapableBeanFactory.java:594) ~[spring-beans-5.2.4.RELEASE.jar:5.2.4.RELEASE]
	at org.springframework.beans.factory.support.AbstractAutowireCapableBeanFactory.createBean(AbstractAutowireCapableBeanFactory.java:517) ~[spring-beans-5.2.4.RELEASE.jar:5.2.4.RELEASE]
	at org.springframework.beans.factory.support.AbstractBeanFactory.lambda$doGetBean$0(AbstractBeanFactory.java:323) ~[spring-beans-5.2.4.RELEASE.jar:5.2.4.RELEASE]
	at org.springframework.beans.factory.support.DefaultSingletonBeanRegistry.getSingleton(DefaultSingletonBeanRegistry.java:222) ~[spring-beans-5.2.4.RELEASE.jar:5.2.4.RELEASE]
	at org.springframework.beans.factory.support.AbstractBeanFactory.doGetBean(AbstractBeanFactory.java:321) ~[spring-beans-5.2.4.RELEASE.jar:5.2.4.RELEASE]
	at org.springframework.beans.factory.support.AbstractBeanFactory.getBean(AbstractBeanFactory.java:202) ~[spring-beans-5.2.4.RELEASE.jar:5.2.4.RELEASE]
	at org.springframework.beans.factory.support.DefaultListableBeanFactory.preInstantiateSingletons(DefaultListableBeanFactory.java:860) ~[spring-beans-5.2.4.RELEASE.jar:5.2.4.RELEASE]
	at org.springframework.context.support.AbstractApplicationContext.finishBeanFactoryInitialization(AbstractApplicationContext.java:878) ~[spring-context-5.2.4.RELEASE.jar:5.2.4.RELEASE]
	at org.springframework.context.support.AbstractApplicationContext.refresh(AbstractApplicationContext.java:550) ~[spring-context-5.2.4.RELEASE.jar:5.2.4.RELEASE]
	at org.springframework.boot.SpringApplication.refresh(SpringApplication.java:747) ~[spring-boot-2.2.5.RELEASE.jar:2.2.5.RELEASE]
	at org.springframework.boot.SpringApplication.refreshContext(SpringApplication.java:397) ~[spring-boot-2.2.5.RELEASE.jar:2.2.5.RELEASE]
	at org.springframework.boot.SpringApplication.run(SpringApplication.java:315) ~[spring-boot-2.2.5.RELEASE.jar:2.2.5.RELEASE]
	at org.springframework.boot.test.context.SpringBootContextLoader.loadContext(SpringBootContextLoader.java:126) ~[spring-boot-test-2.2.5.RELEASE.jar:2.2.5.RELEASE]
	at org.springframework.test.context.cache.DefaultCacheAwareContextLoaderDelegate.loadContextInternal(DefaultCacheAwareContextLoaderDelegate.java:99) ~[spring-test-5.2.4.RELEASE.jar:5.2.4.RELEASE]
	at org.springframework.test.context.cache.DefaultCacheAwareContextLoaderDelegate.loadContext(DefaultCacheAwareContextLoaderDelegate.java:124) ~[spring-test-5.2.4.RELEASE.jar:5.2.4.RELEASE]
	... 45 common frames omitted
Caused by: org.springframework.beans.factory.BeanCreationException: Error creating bean with name '(inner bean)#51e37590': Cannot resolve reference to bean 'entityManagerFactory' while setting constructor argument; nested exception is org.springframework.beans.factory.NoSuchBeanDefinitionException: No bean named 'entityManagerFactory' available
	at org.springframework.beans.factory.support.BeanDefinitionValueResolver.resolveReference(BeanDefinitionValueResolver.java:342) ~[spring-beans-5.2.4.RELEASE.jar:5.2.4.RELEASE]
	at org.springframework.beans.factory.support.BeanDefinitionValueResolver.resolveValueIfNecessary(BeanDefinitionValueResolver.java:113) ~[spring-beans-5.2.4.RELEASE.jar:5.2.4.RELEASE]
	at org.springframework.beans.factory.support.ConstructorResolver.resolveConstructorArguments(ConstructorResolver.java:691) ~[spring-beans-5.2.4.RELEASE.jar:5.2.4.RELEASE]
	at org.springframework.beans.factory.support.ConstructorResolver.instantiateUsingFactoryMethod(ConstructorResolver.java:508) ~[spring-beans-5.2.4.RELEASE.jar:5.2.4.RELEASE]
	at org.springframework.beans.factory.support.AbstractAutowireCapableBeanFactory.instantiateUsingFactoryMethod(AbstractAutowireCapableBeanFactory.java:1338) ~[spring-beans-5.2.4.RELEASE.jar:5.2.4.RELEASE]
	at org.springframework.beans.factory.support.AbstractAutowireCapableBeanFactory.createBeanInstance(AbstractAutowireCapableBeanFactory.java:1177) ~[spring-beans-5.2.4.RELEASE.jar:5.2.4.RELEASE]
	at org.springframework.beans.factory.support.AbstractAutowireCapableBeanFactory.doCreateBean(AbstractAutowireCapableBeanFactory.java:557) ~[spring-beans-5.2.4.RELEASE.jar:5.2.4.RELEASE]
	at org.springframework.beans.factory.support.AbstractAutowireCapableBeanFactory.createBean(AbstractAutowireCapableBeanFactory.java:517) ~[spring-beans-5.2.4.RELEASE.jar:5.2.4.RELEASE]
	at org.springframework.beans.factory.support.BeanDefinitionValueResolver.resolveInnerBean(BeanDefinitionValueResolver.java:374) ~[spring-beans-5.2.4.RELEASE.jar:5.2.4.RELEASE]
	... 63 common frames omitted
Caused by: org.springframework.beans.factory.NoSuchBeanDefinitionException: No bean named 'entityManagerFactory' available
	at org.springframework.beans.factory.support.DefaultListableBeanFactory.getBeanDefinition(DefaultListableBeanFactory.java:805) ~[spring-beans-5.2.4.RELEASE.jar:5.2.4.RELEASE]
	at org.springframework.beans.factory.support.AbstractBeanFactory.getMergedLocalBeanDefinition(AbstractBeanFactory.java:1279) ~[spring-beans-5.2.4.RELEASE.jar:5.2.4.RELEASE]
	at org.springframework.beans.factory.support.AbstractBeanFactory.doGetBean(AbstractBeanFactory.java:297) ~[spring-beans-5.2.4.RELEASE.jar:5.2.4.RELEASE]
	at org.springframework.beans.factory.support.AbstractBeanFactory.getBean(AbstractBeanFactory.java:202) ~[spring-beans-5.2.4.RELEASE.jar:5.2.4.RELEASE]
	at org.springframework.beans.factory.support.BeanDefinitionValueResolver.resolveReference(BeanDefinitionValueResolver.java:330) ~[spring-beans-5.2.4.RELEASE.jar:5.2.4.RELEASE]
	... 71 common frames omitted

]]></system-out>
  </testcase>
</testsuite>